IP Generator (Version 2020.3-Lite build 71107)
Start generating at 2022-11-08 22:59
Instance: DualDRM_1024x18 (E:\APP_projects_and_files\Pango\DL1\ipcore\DualDRM_1024x18\DualDRM_1024x18.idf)
Model: Logos DRM Based Simple Dual Port RAM (1.5)
Part: Logos-PGL22G-MBG324--6
Create directory 'rtl' ...
Copy 'rtl\ipml_sdpram_v1_5.v.xml' to 'rtl' ...
Compile file 'rtl\ipml_sdpram_v1_5.v.xml' to 'rtl\ipml_sdpram_v1_5_DualDRM_1024x18.v' ...
Copy 'ipml_sdpram_wrapper_v1_5.v.xml' ...
Compile file 'ipml_sdpram_wrapper_v1_5.v.xml' to 'DualDRM_1024x18.v' ...
Found top module 'DualDRM_1024x18' in file 'DualDRM_1024x18.v'.
Copy 'ipml_sdpram_wrapper_v1_3_tb.v.xml' ...
Compile file 'ipml_sdpram_wrapper_v1_3_tb.v.xml' to 'DualDRM_1024x18_tb.v' ...
Copy 'init_param_bin_exmp.dat' ...
Copy 'init_param_hex_exmp.dat' ...
Run file 'createParam.tcl' ...
Create template file 'DualDRM_1024x18_tmpl.v' ...
Create template file 'DualDRM_1024x18_tmpl.vhdl' ...
There are 2 source files to synthesize.
Synthesis is disabled.
Done: 0 error(s), 0 warning(s)
